************ settings.xml ************
**************************************
Run 0 corner R00-M1-N02-J12
Run 1 corner R00-M1-N02-J11
Run 2 corner R00-M1-N02-J00
Run 3 corner R00-M1-N02-J07
Run 4 corner R00-M1-N02-J13
Run 5 corner R00-M1-N02-J10
Run 6 corner R00-M1-N02-J01
Run 7 corner R00-M1-N02-J06
Run 8 corner R00-M1-N03-J13
Run 9 corner R00-M1-N03-J10
Run 10 corner R00-M1-N03-J01
Run 11 corner R00-M1-N03-J06
Run 12 corner R00-M1-N03-J12
Run 13 corner R00-M1-N03-J11
Run 14 corner R00-M1-N03-J00
Run 15 corner R00-M1-N03-J07
Run 16 corner R00-M1-N02-J15
Run 17 corner R00-M1-N02-J08
Run 18 corner R00-M1-N02-J03
Run 19 corner R00-M1-N02-J04
Run 20 corner R00-M1-N02-J14
Run 21 corner R00-M1-N02-J09
Run 22 corner R00-M1-N02-J02
Run 23 corner R00-M1-N02-J05
Run 24 corner R00-M1-N03-J14
Run 25 corner R00-M1-N03-J09
Run 26 corner R00-M1-N03-J02
Run 27 corner R00-M1-N03-J05
Run 28 corner R00-M1-N03-J15
Run 29 corner R00-M1-N03-J08
Run 30 corner R00-M1-N03-J03
Run 31 corner R00-M1-N03-J04
Run 32 corner R00-M1-N02-J17
Run 33 corner R00-M1-N02-J22
Run 34 corner R00-M1-N02-J29
Run 35 corner R00-M1-N02-J26
Run 36 corner R00-M1-N02-J16
Run 37 corner R00-M1-N02-J23
Run 38 corner R00-M1-N02-J28
Run 39 corner R00-M1-N02-J27
Run 40 corner R00-M1-N03-J16
Run 41 corner R00-M1-N03-J23
Run 42 corner R00-M1-N03-J28
Run 43 corner R00-M1-N03-J27
Run 44 corner R00-M1-N03-J17
Run 45 corner R00-M1-N03-J22
Run 46 corner R00-M1-N03-J29
Run 47 corner R00-M1-N03-J26
Run 48 corner R00-M1-N02-J18
Run 49 corner R00-M1-N02-J21
Run 50 corner R00-M1-N02-J30
Run 51 corner R00-M1-N02-J25
Run 52 corner R00-M1-N02-J19
Run 53 corner R00-M1-N02-J20
Run 54 corner R00-M1-N02-J31
Run 55 corner R00-M1-N02-J24
Run 56 corner R00-M1-N03-J19
Run 57 corner R00-M1-N03-J20
Run 58 corner R00-M1-N03-J31
Run 59 corner R00-M1-N03-J24
Run 60 corner R00-M1-N03-J18
Run 61 corner R00-M1-N03-J21
Run 62 corner R00-M1-N03-J30
Run 63 corner R00-M1-N03-J25
Reached MAXRUNJOB 64
Finished all reps
