
       .d88888b.                             888b     d888  .d8888b.
      d88P" "Y88b                            8888b   d8888 d88P  Y88b
      888     888                            88888b.d88888 888    888
      888     888 88888b.   .d88b.  88888b.  888Y88888P888 888       
      888     888 888 "88b d8P  Y8b 888 "88b 888 Y888P 888 888       
      888     888 888  888 88888888 888  888 888  Y8P  888 888    888
      Y88b. .d88P 888 d88P Y8b.     888  888 888   "   888 Y88b  d88P
       "Y88888P"  88888P"   "Y8888  888  888 888       888  "Y8888P"
__________________888______________________________________________________
                  888
                  888

      Copyright:     2011-2013 Massachusetts Institute of Technology
      License:       http://mit-crpg.github.io/openmc/license.html
      Version:        0.5.3
      Git SHA1:       7e98d3bc10fee2f934bee3c1053cd0c9010b9994
      Date/Time:      2014-09-05 10:29:14

 ===========================================================================
 ========================>     INITIALIZATION     <=========================
 ===========================================================================

 Reading settings XML file...
 Reading cross sections XML file...
 Reading geometry XML file...
 Reading materials XML file...
 Building neighboring cells lists for each surface...
 Loading ACE cross section table: 92234.70c
 Loading ACE cross section table: 92235.70c
 Loading ACE cross section table: 92236.70c
 Loading ACE cross section table: 92238.70c
 Loading ACE cross section table: 8016.70c
 Loading ACE cross section table: 90227.70c
 Loading ACE cross section table: 90228.70c
 Loading ACE cross section table: 90229.70c
 Loading ACE cross section table: 90230.70c
 Loading ACE cross section table: 90232.70c
 Loading ACE cross section table: 90233.70c
 Loading ACE cross section table: 90234.70c
 Loading ACE cross section table: 91231.70c
 Loading ACE cross section table: 91232.70c
 Loading ACE cross section table: 91233.70c
 Loading ACE cross section table: 92232.70c
 Loading ACE cross section table: 92233.70c
 Loading ACE cross section table: 92237.70c
 Loading ACE cross section table: 92239.70c
 Loading ACE cross section table: 92240.70c
 Loading ACE cross section table: 92241.70c
 Loading ACE cross section table: 93235.70c
 Loading ACE cross section table: 93236.70c
 Loading ACE cross section table: 93237.70c
 Loading ACE cross section table: 93238.70c
 Loading ACE cross section table: 93239.70c
 Loading ACE cross section table: 94236.70c
 Loading ACE cross section table: 94237.70c
 Loading ACE cross section table: 94238.70c
 Loading ACE cross section table: 94239.70c
 Loading ACE cross section table: 94240.70c
 Loading ACE cross section table: 94241.70c
 Loading ACE cross section table: 94242.70c
 Loading ACE cross section table: 94243.70c
 Loading ACE cross section table: 94244.70c
 Loading ACE cross section table: 94246.70c
 Loading ACE cross section table: 95241.70c
 Loading ACE cross section table: 95642.70c
 Loading ACE cross section table: 95242.70c
 Loading ACE cross section table: 95243.70c
 Loading ACE cross section table: 95244.70c
 Loading ACE cross section table: 95644.70c
 Loading ACE cross section table: 96241.70c
 Loading ACE cross section table: 96242.70c
 Loading ACE cross section table: 96243.70c
 Loading ACE cross section table: 96244.70c
 Loading ACE cross section table: 96245.70c
 Loading ACE cross section table: 96246.70c
 Loading ACE cross section table: 96247.70c
 Loading ACE cross section table: 96248.70c
 Loading ACE cross section table: 96249.70c
 Loading ACE cross section table: 96250.70c
 Loading ACE cross section table: 97249.70c
 Loading ACE cross section table: 97250.70c
 Loading ACE cross section table: 98249.70c
 Loading ACE cross section table: 98250.70c
 Loading ACE cross section table: 98251.70c
 Loading ACE cross section table: 98252.70c
 Loading ACE cross section table: 98254.70c
 Loading ACE cross section table: 99254.70c
 Loading ACE cross section table: 99255.70c
 Loading ACE cross section table: 100255.70c
 Loading ACE cross section table: 16032.70c
 Loading ACE cross section table: 16033.70c
 Loading ACE cross section table: 16034.70c
 Loading ACE cross section table: 16036.70c
 Loading ACE cross section table: 17035.70c
 Loading ACE cross section table: 17037.70c
 Loading ACE cross section table: 19039.70c
 Loading ACE cross section table: 19040.70c
 Loading ACE cross section table: 19041.70c
 Loading ACE cross section table: 20040.70c
 Loading ACE cross section table: 20042.70c
 Loading ACE cross section table: 20043.70c
 Loading ACE cross section table: 20044.70c
 Loading ACE cross section table: 20046.70c
 Loading ACE cross section table: 20048.70c
 Loading ACE cross section table: 21045.70c
 Loading ACE cross section table: 22046.70c
 Loading ACE cross section table: 22047.70c
 Loading ACE cross section table: 22048.70c
 Loading ACE cross section table: 22049.70c
 Loading ACE cross section table: 22050.70c
 Loading ACE cross section table: 23000.70c
 Loading ACE cross section table: 27059.70c
 Loading ACE cross section table: 30000.70c
 Loading ACE cross section table: 31069.70c
 Loading ACE cross section table: 31071.70c
 Loading ACE cross section table: 32070.70c
 Loading ACE cross section table: 32072.70c
 Loading ACE cross section table: 32073.70c
 Loading ACE cross section table: 32074.70c
 Loading ACE cross section table: 32076.70c
 Loading ACE cross section table: 33074.70c
 Loading ACE cross section table: 33075.70c
 Loading ACE cross section table: 34074.70c
 Loading ACE cross section table: 34076.70c
 Loading ACE cross section table: 34077.70c
 Loading ACE cross section table: 34078.70c
 Loading ACE cross section table: 34079.70c
 Loading ACE cross section table: 34080.70c
 Loading ACE cross section table: 34082.70c
 Loading ACE cross section table: 35079.70c
 Loading ACE cross section table: 35081.70c
 Loading ACE cross section table: 36078.70c
 Loading ACE cross section table: 36080.70c
 Loading ACE cross section table: 36082.70c
 Loading ACE cross section table: 36083.70c
 Loading ACE cross section table: 36084.70c
 Loading ACE cross section table: 36085.70c
 Loading ACE cross section table: 36086.70c
 Loading ACE cross section table: 37085.70c
 Loading ACE cross section table: 37086.70c
 Loading ACE cross section table: 37087.70c
 Loading ACE cross section table: 38084.70c
 Loading ACE cross section table: 38086.70c
 Loading ACE cross section table: 38087.70c
 Loading ACE cross section table: 38088.70c
 Loading ACE cross section table: 38089.70c
 Loading ACE cross section table: 38090.70c
 Loading ACE cross section table: 39089.70c
 Loading ACE cross section table: 39090.70c
 Loading ACE cross section table: 39091.70c
 Loading ACE cross section table: 40093.70c
 Loading ACE cross section table: 40095.70c
 Loading ACE cross section table: 41093.70c
 Loading ACE cross section table: 41094.70c
 Loading ACE cross section table: 41095.70c
 Loading ACE cross section table: 42099.70c
 Loading ACE cross section table: 43099.70c
 Loading ACE cross section table: 44096.70c
 Loading ACE cross section table: 44098.70c
 Loading ACE cross section table: 44099.70c
 Loading ACE cross section table: 44100.70c
 Loading ACE cross section table: 44101.70c
 Loading ACE cross section table: 44102.70c
 Loading ACE cross section table: 44103.70c
 Loading ACE cross section table: 44104.70c
 Loading ACE cross section table: 44105.70c
 Loading ACE cross section table: 44106.70c
 Loading ACE cross section table: 45103.70c
 Loading ACE cross section table: 45105.70c
 Loading ACE cross section table: 46102.70c
 Loading ACE cross section table: 40090.70c
 Loading ACE cross section table: 40091.70c
 Loading ACE cross section table: 40092.70c
 Loading ACE cross section table: 40094.70c
 Loading ACE cross section table: 40096.70c
 Loading ACE cross section table: 1001.70c
 Loading ACE cross section table: 5010.70c
 Loading ACE cross section table: 5011.70c
 Loading ACE cross section table: lwtr.10t
 Loading ACE cross section table: 26054.70c
 Loading ACE cross section table: 26056.70c
 Loading ACE cross section table: 26057.70c
 WARNING: Negative value(s) found on probability table for nuclide  98252.70c
 WARNING: Could not compute uncertainties -- only one active batch simulated!
 Loading ACE cross section table: 26058.70c
 Loading ACE cross section table: 28058.70c
 Loading ACE cross section table: 28060.70c
 Loading ACE cross section table: 28061.70c
 Loading ACE cross section table: 28062.70c
 Loading ACE cross section table: 28064.70c
 Loading ACE cross section table: 25055.70c
 Loading ACE cross section table: 42092.70c
 Loading ACE cross section table: 42094.70c
 Loading ACE cross section table: 42095.70c
 Loading ACE cross section table: 42096.70c
 Loading ACE cross section table: 42097.70c
 Loading ACE cross section table: 42098.70c
 Loading ACE cross section table: 42100.70c
 Loading ACE cross section table: 14028.70c
 Loading ACE cross section table: 14029.70c
 Loading ACE cross section table: 14030.70c
 Loading ACE cross section table: 24050.70c
 Loading ACE cross section table: 24052.70c
 Loading ACE cross section table: 24053.70c
 Loading ACE cross section table: 24054.70c
 Loading ACE cross section table: 6000.70c
 Loading ACE cross section table: 29063.70c
 Loading ACE cross section table: 29065.70c
 Begin reconstructing egrid...
   Egrid interpolation threshold:  0.0            
   ...Finished reconstructing egrid
 Creating unionized energy grid...
 Microscopic Cross-section Info
  Grid method:                  union
  Number of nuclides:           178        
  Number of nuclide gridpoints: 2177330    
  Number of union gridpoints:   1935971    
  Size of micro xs data (MB):   1421.61        
 Initializing source particles...

 ===========================================================================
 ====================>     K EIGENVALUE SIMULATION     <====================
 ===========================================================================

  Bat./Gen.      k       Entropy         Average k         
  =========   ========   ========   ====================   
        1/1    0.91846   12.08338                       
 Creating state point statepoint.1.binary...

 ===========================================================================
 ======================>     SIMULATION FINISHED     <======================
 ===========================================================================


 =======================>     TIMING STATISTICS     <=======================

 Total time for initialization     =  1.2107E+01 seconds
   Reading cross sections          =  1.2750E+00 seconds
   Unionizing energy grid          =  1.0125E+01 seconds
 Total time in simulation          =  7.3141E+01 seconds
   Time in transport only          =  7.3088E+01 seconds
   Time in inactive batches        =  0.0000E+00 seconds
   Time in active batches          =  7.3141E+01 seconds
   Time synchronizing fission bank =  6.0000E-03 seconds
     Sampling source sites         =  5.0000E-03 seconds
     SEND/RECV source sites        =  1.0000E-03 seconds
   Time accumulating tallies       =  0.0000E+00 seconds
 Total time for finalization       =  0.0000E+00 seconds
 Total time elapsed                =  8.5248E+01 seconds
 Calculation Rate (active)         =  1367.22 neutrons/second

 ============================>     RESULTS     <============================

 k-effective (Collision)     =  0.91598
 k-effective (Track-length)  =  0.91846
 k-effective (Absorption)    =  0.91116
 Leakage Fraction            =  0.00095

