2014-08-14 22:08:30.261 (INFO ) [0xfff986bbde0] ibm.runjob.AbstractOptions: using properties file /bgsys/local/etc/bg.properties
2014-08-14 22:08:30.262 (INFO ) [0xfff986bbde0] ibm.runjob.AbstractOptions: max open file descriptors: 65536
2014-08-14 22:08:30.262 (INFO ) [0xfff986bbde0] ibm.runjob.AbstractOptions: core file limit: 18446744073709551615
2014-08-14 22:08:30.263 (INFO ) [0xfff986bbde0] 5428:tatu.runjob.client: scheduler job id is 212111
2014-08-14 22:08:30.267 (INFO ) [0xfffb2fe34e0] 5428:tatu.runjob.monitor: monitor started
2014-08-14 22:08:33.515 (INFO ) [0xfffb2fe34e0] 5428:tatu.runjob.monitor: task record 709402 created
2014-08-14 22:08:33.516 (INFO ) [0xfff986bbde0] VST-22040-33151-32:5428:ibm.runjob.client.options.Parser: set local socket to runjob_mux from properties file
2014-08-14 22:08:35.300 (INFO ) [0xfff986bbde0] VST-22040-33151-32:910938:ibm.runjob.client.Job: job 910938 started

       .d88888b.                             888b     d888  .d8888b.
      d88P" "Y88b                            8888b   d8888 d88P  Y88b
      888     888                            88888b.d88888 888    888
      888     888 88888b.   .d88b.  88888b.  888Y88888P888 888       
      888     888 888 "88b d8P  Y8b 888 "88b 888 Y888P 888 888       
      888     888 888  888 88888888 888  888 888  Y8P  888 888    888
      Y88b. .d88P 888 d88P Y8b.     888  888 888   "   888 Y88b  d88P
       "Y88888P"  88888P"   "Y8888  888  888 888       888  "Y8888P"
__________________888______________________________________________________
                  888
                  888

      Copyright:      2011-2014 Massachusetts Institute of Technology
      License:        http://mit-crpg.github.io/openmc/license.html
      Version:        0.5.4
      Date/Time:      2014-08-14 22:08:35

 ===========================================================================
 ========================>     INITIALIZATION     <=========================
 ===========================================================================

 Reading settings XML file...
 Reading cross sections XML file...
2014-08-14 22:08:50.629 (INFO ) [0xfffb2fe34e0] 5428:tatu.runjob.monitor: tracklib completed
 Reading geometry XML file...
 Reading materials XML file...
 Building neighboring cells lists for each surface...
 Loading ACE cross section table: 92234.70c
 Loading ACE cross section table: 92235.70c
 Loading ACE cross section table: 92236.70c
 Loading ACE cross section table: 92238.70c
 Loading ACE cross section table: 8016.70c
 Loading ACE cross section table: 90227.70c
 Loading ACE cross section table: 90228.70c
 Loading ACE cross section table: 90229.70c
 Loading ACE cross section table: 90230.70c
 Loading ACE cross section table: 90232.70c
 Loading ACE cross section table: 90233.70c
 Loading ACE cross section table: 90234.70c
 Loading ACE cross section table: 91231.70c
 Loading ACE cross section table: 91232.70c
 Loading ACE cross section table: 91233.70c
 Loading ACE cross section table: 92232.70c
 Loading ACE cross section table: 92233.70c
 Loading ACE cross section table: 92237.70c
 Loading ACE cross section table: 92239.70c
 Loading ACE cross section table: 92240.70c
 Loading ACE cross section table: 92241.70c
 Loading ACE cross section table: 93235.70c
 Loading ACE cross section table: 93236.70c
 Loading ACE cross section table: 93237.70c
 Loading ACE cross section table: 93238.70c
 Loading ACE cross section table: 93239.70c
 Loading ACE cross section table: 94236.70c
 Loading ACE cross section table: 94237.70c
 Loading ACE cross section table: 94238.70c
 Loading ACE cross section table: 94239.70c
 Loading ACE cross section table: 94240.70c
 Loading ACE cross section table: 94241.70c
 Loading ACE cross section table: 94242.70c
 Loading ACE cross section table: 94243.70c
 Loading ACE cross section table: 94244.70c
 Loading ACE cross section table: 94246.70c
 Loading ACE cross section table: 95241.70c
 Loading ACE cross section table: 95642.70c
 Loading ACE cross section table: 95242.70c
 Loading ACE cross section table: 95243.70c
 Loading ACE cross section table: 95244.70c
 Loading ACE cross section table: 95644.70c
 Loading ACE cross section table: 96241.70c
 Loading ACE cross section table: 96242.70c
 Loading ACE cross section table: 96243.70c
 Loading ACE cross section table: 96244.70c
 Loading ACE cross section table: 96245.70c
 Loading ACE cross section table: 96246.70c
 Loading ACE cross section table: 96247.70c
 Loading ACE cross section table: 96248.70c
 Loading ACE cross section table: 96249.70c
 Loading ACE cross section table: 96250.70c
 Loading ACE cross section table: 97249.70c
 Loading ACE cross section table: 97250.70c
 Loading ACE cross section table: 98249.70c
 Loading ACE cross section table: 98250.70c
 Loading ACE cross section table: 98251.70c
 Loading ACE cross section table: 98252.70c
 WARNING: Negative value(s) found on probability table for nuclide  98252.70c
 Loading ACE cross section table: 98254.70c
 Loading ACE cross section table: 99254.70c
 Loading ACE cross section table: 99255.70c
 Loading ACE cross section table: 100255.70c
 Loading ACE cross section table: 16032.70c
 Loading ACE cross section table: 16033.70c
 Loading ACE cross section table: 16034.70c
 Loading ACE cross section table: 16036.70c
 Loading ACE cross section table: 17035.70c
 Loading ACE cross section table: 17037.70c
 Loading ACE cross section table: 19039.70c
 Loading ACE cross section table: 19040.70c
 Loading ACE cross section table: 19041.70c
 Loading ACE cross section table: 20040.70c
 Loading ACE cross section table: 20042.70c
 Loading ACE cross section table: 20043.70c
 Loading ACE cross section table: 20044.70c
 Loading ACE cross section table: 20046.70c
 Loading ACE cross section table: 20048.70c
 Loading ACE cross section table: 21045.70c
 Loading ACE cross section table: 22046.70c
 Loading ACE cross section table: 22047.70c
 Loading ACE cross section table: 22048.70c
 Loading ACE cross section table: 22049.70c
 Loading ACE cross section table: 22050.70c
 Loading ACE cross section table: 23000.70c
 Loading ACE cross section table: 27059.70c
 Loading ACE cross section table: 30000.70c
 Loading ACE cross section table: 31069.70c
 Loading ACE cross section table: 31071.70c
 Loading ACE cross section table: 32070.70c
 Loading ACE cross section table: 32072.70c
 Loading ACE cross section table: 32073.70c
 Loading ACE cross section table: 32074.70c
 Loading ACE cross section table: 32076.70c
 Loading ACE cross section table: 33074.70c
 Loading ACE cross section table: 33075.70c
 Loading ACE cross section table: 34074.70c
 Loading ACE cross section table: 34076.70c
 Loading ACE cross section table: 34077.70c
 Loading ACE cross section table: 34078.70c
 Loading ACE cross section table: 34079.70c
 Loading ACE cross section table: 34080.70c
 Loading ACE cross section table: 34082.70c
 Loading ACE cross section table: 35079.70c
 Loading ACE cross section table: 35081.70c
 Loading ACE cross section table: 36078.70c
 Loading ACE cross section table: 36080.70c
 Loading ACE cross section table: 36082.70c
 Loading ACE cross section table: 36083.70c
 Loading ACE cross section table: 36084.70c
 Loading ACE cross section table: 36085.70c
 Loading ACE cross section table: 36086.70c
 Loading ACE cross section table: 37085.70c
 Loading ACE cross section table: 37086.70c
 Loading ACE cross section table: 37087.70c
 Loading ACE cross section table: 38084.70c
 Loading ACE cross section table: 38086.70c
 Loading ACE cross section table: 38087.70c
 Loading ACE cross section table: 38088.70c
 Loading ACE cross section table: 38089.70c
 Loading ACE cross section table: 38090.70c
 Loading ACE cross section table: 39089.70c
 Loading ACE cross section table: 39090.70c
 Loading ACE cross section table: 39091.70c
 Loading ACE cross section table: 40093.70c
 Loading ACE cross section table: 40095.70c
 Loading ACE cross section table: 41093.70c
 Loading ACE cross section table: 41094.70c
 Loading ACE cross section table: 41095.70c
 Loading ACE cross section table: 42099.70c
 Loading ACE cross section table: 43099.70c
 Loading ACE cross section table: 44096.70c
 Loading ACE cross section table: 44098.70c
 Loading ACE cross section table: 44099.70c
 Loading ACE cross section table: 44100.70c
 Loading ACE cross section table: 44101.70c
 Loading ACE cross section table: 44102.70c
 Loading ACE cross section table: 44103.70c
 Loading ACE cross section table: 44104.70c
 Loading ACE cross section table: 44105.70c
 Loading ACE cross section table: 44106.70c
 Loading ACE cross section table: 45103.70c
 Loading ACE cross section table: 45105.70c
 Loading ACE cross section table: 46102.70c
 Loading ACE cross section table: 46104.70c
 Loading ACE cross section table: 46105.70c
 Loading ACE cross section table: 46106.70c
 Loading ACE cross section table: 46107.70c
 Loading ACE cross section table: 46108.70c
 Loading ACE cross section table: 46110.70c
 Loading ACE cross section table: 47107.70c
 Loading ACE cross section table: 47109.70c
 Loading ACE cross section table: 47510.70c
 Loading ACE cross section table: 47111.70c
 Loading ACE cross section table: 48106.70c
 Loading ACE cross section table: 48108.70c
 Loading ACE cross section table: 48110.70c
 Loading ACE cross section table: 48111.70c
 Loading ACE cross section table: 48112.70c
 Loading ACE cross section table: 48113.70c
 Loading ACE cross section table: 48114.70c
 Loading ACE cross section table: 48515.70c
 Loading ACE cross section table: 48116.70c
 Loading ACE cross section table: 49113.70c
 Loading ACE cross section table: 49115.70c
 Loading ACE cross section table: 50112.70c
 Loading ACE cross section table: 50113.70c
 Loading ACE cross section table: 50114.70c
 Loading ACE cross section table: 50115.70c
 Loading ACE cross section table: 50116.70c
 Loading ACE cross section table: 50117.70c
 Loading ACE cross section table: 50118.70c
 Loading ACE cross section table: 50119.70c
 Loading ACE cross section table: 50120.70c
 Loading ACE cross section table: 50122.70c
 Loading ACE cross section table: 50123.70c
 Loading ACE cross section table: 50124.70c
 Loading ACE cross section table: 50125.70c
 Loading ACE cross section table: 50126.70c
 Loading ACE cross section table: 51121.70c
 Loading ACE cross section table: 51123.70c
 Loading ACE cross section table: 51124.70c
 Loading ACE cross section table: 51125.70c
 Loading ACE cross section table: 51126.70c
 Loading ACE cross section table: 52122.70c
 Loading ACE cross section table: 52123.70c
 Loading ACE cross section table: 52124.70c
 Loading ACE cross section table: 52125.70c
 Loading ACE cross section table: 52126.70c
 Loading ACE cross section table: 52527.70c
 Loading ACE cross section table: 52128.70c
 Loading ACE cross section table: 52529.70c
 Loading ACE cross section table: 52130.70c
 Loading ACE cross section table: 52132.70c
 Loading ACE cross section table: 53127.70c
 Loading ACE cross section table: 53129.70c
 Loading ACE cross section table: 53130.70c
 Loading ACE cross section table: 53131.70c
 Loading ACE cross section table: 53135.70c
 Loading ACE cross section table: 54123.70c
 Loading ACE cross section table: 54124.70c
 Loading ACE cross section table: 54126.70c
 Loading ACE cross section table: 54128.70c
 Loading ACE cross section table: 54129.70c
 Loading ACE cross section table: 54130.70c
 Loading ACE cross section table: 54131.70c
 Loading ACE cross section table: 54132.70c
 Loading ACE cross section table: 54133.70c
 Loading ACE cross section table: 54134.70c
 Loading ACE cross section table: 54135.70c
 Loading ACE cross section table: 54136.70c
 Loading ACE cross section table: 55133.70c
 Loading ACE cross section table: 55134.70c
 Loading ACE cross section table: 55135.70c
 Loading ACE cross section table: 55136.70c
 Loading ACE cross section table: 55137.70c
 Loading ACE cross section table: 56130.70c
 Loading ACE cross section table: 56132.70c
 Loading ACE cross section table: 56133.70c
 Loading ACE cross section table: 56134.70c
 Loading ACE cross section table: 56135.70c
 Loading ACE cross section table: 56136.70c
 Loading ACE cross section table: 56137.70c
 Loading ACE cross section table: 56138.70c
 Loading ACE cross section table: 56140.70c
 Loading ACE cross section table: 57138.70c
 Loading ACE cross section table: 40090.70c
 Loading ACE cross section table: 40091.70c
 Loading ACE cross section table: 40092.70c
 Loading ACE cross section table: 40094.70c
 Loading ACE cross section table: 1001.70c
 Loading ACE cross section table: 5011.70c
 Loading ACE cross section table: lwtr.10t
 Loading ACE cross section table: 26054.70c
 Loading ACE cross section table: 26056.70c
 Loading ACE cross section table: 26057.70c
 Loading ACE cross section table: 26058.70c
 Loading ACE cross section table: 28058.70c
 Loading ACE cross section table: 28060.70c
 Loading ACE cross section table: 25055.70c
 Loading ACE cross section table: 42092.70c
 Loading ACE cross section table: 42094.70c
 Loading ACE cross section table: 42095.70c
 Loading ACE cross section table: 42096.70c
 Loading ACE cross section table: 42097.70c
 Loading ACE cross section table: 42098.70c
 Loading ACE cross section table: 42100.70c
 Loading ACE cross section table: 14028.70c
 Loading ACE cross section table: 24052.70c
 Loading ACE cross section table: 6000.70c
 Loading ACE cross section table: 29063.70c
 Loading ACE cross section table: 29065.70c
 Loading ACE cross section table: 28062.70c
 Loading ACE cross section table: 24050.70c
 Loading ACE cross section table: 24053.70c
 Loading ACE cross section table: 24054.70c
 Loading ACE cross section table: 40096.70c
 Initializing source particles...

 ===========================================================================
 ====================>     K EIGENVALUE SIMULATION     <====================
 ===========================================================================

  Bat./Gen.      k       Entropy         Average k      
  =========   ========   ========   ====================
        1/1    1.19059    8.16619
        2/1    1.19385    8.13277
        3/1    1.25260    8.10218
        4/1    1.21962    8.06587
        5/1    1.25657    8.05345
        6/1    1.21465    8.03735
        7/1    1.24987    8.02715    1.23226 +/- 0.01761
        8/1    1.21724    8.01946    1.22725 +/- 0.01133
        9/1    1.23843    8.01337    1.23005 +/- 0.00849
