2014-08-14 22:08:18.250 (INFO ) [0xfffabc9bde0] ibm.runjob.AbstractOptions: using properties file /bgsys/local/etc/bg.properties
2014-08-14 22:08:18.251 (INFO ) [0xfffabc9bde0] ibm.runjob.AbstractOptions: max open file descriptors: 65536
2014-08-14 22:08:18.251 (INFO ) [0xfffabc9bde0] ibm.runjob.AbstractOptions: core file limit: 18446744073709551615
2014-08-14 22:08:18.252 (INFO ) [0xfffabc9bde0] 5286:tatu.runjob.client: scheduler job id is 212111
2014-08-14 22:08:18.257 (INFO ) [0xfff9fc034e0] 5286:tatu.runjob.monitor: monitor started
2014-08-14 22:08:21.490 (INFO ) [0xfff9fc034e0] 5286:tatu.runjob.monitor: task record 709398 created
2014-08-14 22:08:21.490 (INFO ) [0xfffabc9bde0] VST-22040-33151-32:5286:ibm.runjob.client.options.Parser: set local socket to runjob_mux from properties file
2014-08-14 22:08:23.269 (INFO ) [0xfffabc9bde0] VST-22040-33151-32:910934:ibm.runjob.client.Job: job 910934 started

       .d88888b.                             888b     d888  .d8888b.
      d88P" "Y88b                            8888b   d8888 d88P  Y88b
      888     888                            88888b.d88888 888    888
      888     888 88888b.   .d88b.  88888b.  888Y88888P888 888       
      888     888 888 "88b d8P  Y8b 888 "88b 888 Y888P 888 888       
      888     888 888  888 88888888 888  888 888  Y8P  888 888    888
      Y88b. .d88P 888 d88P Y8b.     888  888 888   "   888 Y88b  d88P
       "Y88888P"  88888P"   "Y8888  888  888 888       888  "Y8888P"
__________________888______________________________________________________
                  888
                  888

      Copyright:      2011-2014 Massachusetts Institute of Technology
      License:        http://mit-crpg.github.io/openmc/license.html
      Version:        0.5.4
      Date/Time:      2014-08-14 22:08:23

 ===========================================================================
 ========================>     INITIALIZATION     <=========================
 ===========================================================================

 Reading settings XML file...
 Reading cross sections XML file...
2014-08-14 22:08:36.117 (INFO ) [0xfff9fc034e0] 5286:tatu.runjob.monitor: tracklib completed
 Reading geometry XML file...
 Reading materials XML file...
 Building neighboring cells lists for each surface...
 Loading ACE cross section table: 92234.70c
 Loading ACE cross section table: 92235.70c
 Loading ACE cross section table: 92236.70c
 Loading ACE cross section table: 92238.70c
 Loading ACE cross section table: 8016.70c
 Loading ACE cross section table: 90227.70c
 Loading ACE cross section table: 90228.70c
 Loading ACE cross section table: 90229.70c
 Loading ACE cross section table: 90230.70c
 Loading ACE cross section table: 90232.70c
 Loading ACE cross section table: 90233.70c
 Loading ACE cross section table: 90234.70c
 Loading ACE cross section table: 91231.70c
 Loading ACE cross section table: 91232.70c
 Loading ACE cross section table: 91233.70c
 Loading ACE cross section table: 92232.70c
 Loading ACE cross section table: 92233.70c
 Loading ACE cross section table: 92237.70c
 Loading ACE cross section table: 92239.70c
 Loading ACE cross section table: 92240.70c
 Loading ACE cross section table: 92241.70c
 Loading ACE cross section table: 93235.70c
 Loading ACE cross section table: 93236.70c
 Loading ACE cross section table: 93237.70c
 Loading ACE cross section table: 93238.70c
 Loading ACE cross section table: 93239.70c
 Loading ACE cross section table: 94236.70c
 Loading ACE cross section table: 94237.70c
 Loading ACE cross section table: 94238.70c
 Loading ACE cross section table: 94239.70c
 Loading ACE cross section table: 94240.70c
 Loading ACE cross section table: 94241.70c
 Loading ACE cross section table: 94242.70c
 Loading ACE cross section table: 94243.70c
 Loading ACE cross section table: 94244.70c
 Loading ACE cross section table: 94246.70c
 Loading ACE cross section table: 95241.70c
 Loading ACE cross section table: 95642.70c
 Loading ACE cross section table: 95242.70c
 Loading ACE cross section table: 95243.70c
 Loading ACE cross section table: 95244.70c
 Loading ACE cross section table: 95644.70c
 Loading ACE cross section table: 96241.70c
 Loading ACE cross section table: 96242.70c
 Loading ACE cross section table: 96243.70c
 Loading ACE cross section table: 96244.70c
 Loading ACE cross section table: 96245.70c
 Loading ACE cross section table: 96246.70c
 Loading ACE cross section table: 96247.70c
 Loading ACE cross section table: 96248.70c
 Loading ACE cross section table: 96249.70c
 Loading ACE cross section table: 96250.70c
 Loading ACE cross section table: 97249.70c
 Loading ACE cross section table: 97250.70c
 Loading ACE cross section table: 98249.70c
 Loading ACE cross section table: 98250.70c
 Loading ACE cross section table: 98251.70c
 Loading ACE cross section table: 98252.70c
 WARNING: Negative value(s) found on probability table for nuclide  98252.70c
 Loading ACE cross section table: 98254.70c
 Loading ACE cross section table: 99254.70c
 Loading ACE cross section table: 99255.70c
 Loading ACE cross section table: 100255.70c
 Loading ACE cross section table: 16032.70c
 Loading ACE cross section table: 16033.70c
 Loading ACE cross section table: 16034.70c
 Loading ACE cross section table: 16036.70c
 Loading ACE cross section table: 17035.70c
 Loading ACE cross section table: 17037.70c
 Loading ACE cross section table: 19039.70c
 Loading ACE cross section table: 19040.70c
 Loading ACE cross section table: 19041.70c
 Loading ACE cross section table: 20040.70c
 Loading ACE cross section table: 20042.70c
 Loading ACE cross section table: 20043.70c
 Loading ACE cross section table: 20044.70c
 Loading ACE cross section table: 20046.70c
 Loading ACE cross section table: 20048.70c
 Loading ACE cross section table: 21045.70c
 Loading ACE cross section table: 22046.70c
 Loading ACE cross section table: 22047.70c
 Loading ACE cross section table: 22048.70c
 Loading ACE cross section table: 22049.70c
 Loading ACE cross section table: 22050.70c
 Loading ACE cross section table: 23000.70c
 Loading ACE cross section table: 27059.70c
 Loading ACE cross section table: 30000.70c
 Loading ACE cross section table: 31069.70c
 Loading ACE cross section table: 31071.70c
 Loading ACE cross section table: 32070.70c
 Loading ACE cross section table: 32072.70c
 Loading ACE cross section table: 32073.70c
 Loading ACE cross section table: 32074.70c
 Loading ACE cross section table: 32076.70c
 Loading ACE cross section table: 33074.70c
 Loading ACE cross section table: 33075.70c
 Loading ACE cross section table: 34074.70c
 Loading ACE cross section table: 34076.70c
 Loading ACE cross section table: 40090.70c
 Loading ACE cross section table: 40094.70c
 Loading ACE cross section table: 1001.70c
 Loading ACE cross section table: lwtr.10t
 Loading ACE cross section table: 26054.70c
 Loading ACE cross section table: 26056.70c
 Loading ACE cross section table: 26057.70c
 Loading ACE cross section table: 26058.70c
 Loading ACE cross section table: 28058.70c
 Loading ACE cross section table: 28060.70c
 Loading ACE cross section table: 25055.70c
 Loading ACE cross section table: 14028.70c
 Loading ACE cross section table: 6000.70c
 Loading ACE cross section table: 24052.70c
 Loading ACE cross section table: 24053.70c
 Loading ACE cross section table: 40092.70c
 Initializing source particles...

 ===========================================================================
 ====================>     K EIGENVALUE SIMULATION     <====================
 ===========================================================================

  Bat./Gen.      k       Entropy         Average k      
  =========   ========   ========   ====================
        1/1    1.19322    8.19583
        2/1    1.24787    8.12292
        3/1    1.22378    8.09077
        4/1    1.24590    8.06510
        5/1    1.25042    8.03441
        6/1    1.25440    8.00844
        7/1    1.26006    7.99533    1.25723 +/- 0.00283
        8/1    1.24190    7.98286    1.25212 +/- 0.00537
        9/1    1.24293    7.95635    1.24982 +/- 0.00444
       10/1    1.26073    7.92812    1.25200 +/- 0.00407
 Creating state point statepoint.10.binary...

 ===========================================================================
 ======================>     SIMULATION FINISHED     <======================
 ===========================================================================


 =======================>     TIMING STATISTICS     <=======================

 Total time for initialization     =  4.2930E+01 seconds
   Reading cross sections          =  1.7110E+01 seconds
   Unionizing energy grid          =  0.0000E+00 seconds
 Total time in simulation          =  5.7529E+02 seconds
   Time in transport only          =  5.7503E+02 seconds
   Time in inactive batches        =  2.8552E+02 seconds
   Time in active batches          =  2.8977E+02 seconds
   Time synchronizing fission bank =  6.0000E-02 seconds
     Sampling source sites         =  6.0000E-02 seconds
     SEND/RECV source sites        =  0.0000E+00 seconds
   Time accumulating tallies       =  0.0000E+00 seconds
 Total time for finalization       =  0.0000E+00 seconds
 Total time elapsed                =  6.1822E+02 seconds
 Calculation Rate (inactive)       =  87.5595 neutrons/second
 Calculation Rate (active)         =  86.2753 neutrons/second

 ============================>     RESULTS     <============================

 k-effective (Collision)     =  1.24939 +/-  0.00527
 k-effective (Track-length)  =  1.25200 +/-  0.00407
 k-effective (Absorption)    =  1.24882 +/-  0.00574
 Combined k-effective        =  1.25073 +/-  0.00431
 Leakage Fraction            =  0.00004 +/-  0.00004
 
2014-08-14 22:18:44.972 (INFO ) [0xfffabc9bde0] VST-22040-33151-32:910934:ibm.runjob.client.Job: exited with status 0
2014-08-14 22:18:44.972 (INFO ) [0xfffabc9bde0] tatu.runjob.client: task exited with status 0
2014-08-14 22:18:44.972 (INFO ) [0xfff9fc034e0] 5286:tatu.runjob.monitor: monitor terminating
2014-08-14 22:18:44.976 (INFO ) [0xfffabc9bde0] tatu.runjob.client: monitor completed
