************ settings.xml ************
**************************************
Run 0 corner R01-M0-N00-J00
Run 1 corner R01-M0-N00-J07
Run 2 corner R01-M0-N00-J12
Run 3 corner R01-M0-N00-J11
Run 4 corner R01-M0-N00-J01
Run 5 corner R01-M0-N00-J06
Run 6 corner R01-M0-N00-J13
Run 7 corner R01-M0-N00-J10
Run 8 corner R01-M0-N01-J01
Run 9 corner R01-M0-N01-J06
Run 10 corner R01-M0-N01-J13
Run 11 corner R01-M0-N01-J10
Run 12 corner R01-M0-N01-J00
Run 13 corner R01-M0-N01-J07
Run 14 corner R01-M0-N01-J12
Run 15 corner R01-M0-N01-J11
Run 16 corner R01-M0-N00-J03
Run 17 corner R01-M0-N00-J04
Run 18 corner R01-M0-N00-J15
Run 19 corner R01-M0-N00-J08
Run 20 corner R01-M0-N00-J02
Run 21 corner R01-M0-N00-J05
Run 22 corner R01-M0-N00-J14
Run 23 corner R01-M0-N00-J09
Run 24 corner R01-M0-N01-J02
Run 25 corner R01-M0-N01-J05
Run 26 corner R01-M0-N01-J14
Run 27 corner R01-M0-N01-J09
Run 28 corner R01-M0-N01-J03
Run 29 corner R01-M0-N01-J04
Run 30 corner R01-M0-N01-J15
Run 31 corner R01-M0-N01-J08
Run 32 corner R01-M0-N00-J29
Run 33 corner R01-M0-N00-J26
Run 34 corner R01-M0-N00-J17
Run 35 corner R01-M0-N00-J22
Run 36 corner R01-M0-N00-J28
Run 37 corner R01-M0-N00-J27
Run 38 corner R01-M0-N00-J16
Run 39 corner R01-M0-N00-J23
Run 40 corner R01-M0-N01-J28
Run 41 corner R01-M0-N01-J27
Run 42 corner R01-M0-N01-J16
Run 43 corner R01-M0-N01-J23
Run 44 corner R01-M0-N01-J29
Run 45 corner R01-M0-N01-J26
Run 46 corner R01-M0-N01-J17
Run 47 corner R01-M0-N01-J22
Run 48 corner R01-M0-N00-J30
Run 49 corner R01-M0-N00-J25
Run 50 corner R01-M0-N00-J18
Run 51 corner R01-M0-N00-J21
Run 52 corner R01-M0-N00-J31
Run 53 corner R01-M0-N00-J24
Run 54 corner R01-M0-N00-J19
Run 55 corner R01-M0-N00-J20
Run 56 corner R01-M0-N01-J31
Run 57 corner R01-M0-N01-J24
Run 58 corner R01-M0-N01-J19
Run 59 corner R01-M0-N01-J20
Run 60 corner R01-M0-N01-J30
Run 61 corner R01-M0-N01-J25
Run 62 corner R01-M0-N01-J18
Run 63 corner R01-M0-N01-J21
Reached MAXRUNJOB 64
Finished all reps
